[START] Step 06: Compare ICC Across Congruence Levels
[LOAD] Loading ICC estimates...
[LOADED] step03_icc_estimates.csv (9 rows)
[TRANSFORM] Pivoting ICC estimates to wide format...
[PIVOTED] 3 rows (one per congruence)
  Columns: ['congruence', 'intercept', 'slope_conditional', 'slope_simple']
[RANK] Ranking congruence levels by ICC slope (descending)...
[ERROR] 'icc_slope_simple'
[TRACEBACK] Full error details:
Traceback (most recent call last):
  File "/home/etai/projects/REMEMVR/.venv/lib/python3.12/site-packages/pandas/core/indexes/base.py", line 3812, in get_loc
    return self._engine.get_loc(casted_key)
           ^^^^^^^^^^^^^^^^^^^^^^^^^^^^^^^^
  File "pandas/_libs/index.pyx", line 167, in pandas._libs.index.IndexEngine.get_loc
  File "pandas/_libs/index.pyx", line 196, in pandas._libs.index.IndexEngine.get_loc
  File "pandas/_libs/hashtable_class_helper.pxi", line 7088, in pandas._libs.hashtable.PyObjectHashTable.get_item
  File "pandas/_libs/hashtable_class_helper.pxi", line 7096, in pandas._libs.hashtable.PyObjectHashTable.get_item
KeyError: 'icc_slope_simple'

The above exception was the direct cause of the following exception:

Traceback (most recent call last):
  File "/home/etai/projects/REMEMVR/results/ch5/5.4.6/code/step06_compare_icc_across_congruence.py", line 80, in <module>
    df_wide['rank_by_slope'] = df_wide['icc_slope_simple'].rank(ascending=False).astype(int)
                               ~~~~~~~^^^^^^^^^^^^^^^^^^^^
  File "/home/etai/projects/REMEMVR/.venv/lib/python3.12/site-packages/pandas/core/frame.py", line 4113, in __getitem__
    indexer = self.columns.get_loc(key)
              ^^^^^^^^^^^^^^^^^^^^^^^^^
  File "/home/etai/projects/REMEMVR/.venv/lib/python3.12/site-packages/pandas/core/indexes/base.py", line 3819, in get_loc
    raise KeyError(key) from err
KeyError: 'icc_slope_simple'
[START] Step 06: Compare ICC Across Congruence Levels
[LOAD] Loading ICC estimates...
[LOADED] step03_icc_estimates.csv (9 rows)
[TRANSFORM] Pivoting ICC estimates to wide format...
[PIVOTED] 3 rows (one per congruence)
  Columns: ['congruence', 'intercept', 'slope_conditional', 'slope_simple']
[RANK] Ranking congruence levels by ICC slope (descending)...

[RANKING]
  Rank 1: Congruent    (ICC_slope=0.0000)
  Rank 2: Incongruent  (ICC_slope=0.0000)
  Rank 3: Common       (ICC_slope=0.0000)

[SAVE] Saving ICC comparison table...
[SAVED] step06_congruence_icc_comparison.csv (3 rows)
[PLOT] Creating ICC comparison bar plot...
[SAVED] step06_congruence_icc_barplot.png
[REPORT] Creating interpretation report...
[SAVED] step06_icc_comparison_interpretation.txt

[VALIDATION] Validating comparison table...
[PASS] Comparison table has 3 rows
[PASS] All 3 congruence levels present
[PASS] All ICC values in [0, 1] range
[PASS] Ranking valid (1, 2, 3 with no duplicates)
[PASS] Plot file validated (147657 bytes)

[SUCCESS] Step 06 complete - ICC comparison across congruence complete
