[START] Step 3: Fit Piecewise Model
[LOAD] Loading time-transformed data from Step 1...
[LOADED] step01_time_transformed.csv (400 rows, 9 cols)
[VALIDATED] All required columns present: ['UID', 'test', 'TSVR_hours', 'theta', 'Segment', 'Days_within']
[LOAD] Loading RQ 5.7 best continuous model AIC...
[LOADED] RQ 5.7 best continuous AIC = 873.71
[LOAD] Checking RQ 5.7 convergence status...
[INFO] RQ 5.7 status: RQ 5.7 Best Continuous Model Information
============================================================
Best model: Log
AIC: 873.710488

INTERPRETATION FOR RQ 5.8 STEP 3:
------------------------------------------------------------
RQ 5.7 completed successfully with Log as best model.
AIC comparison in Step 3 uses this value as reference.
[INFO] RQ 5.7 model converged with maximal random structure
[INFO] AIC comparison valid (comparable random structures)
[ANALYSIS] Fitting piecewise LMM: theta ~ Days_within * Segment + (Days_within | UID)...
[INFO] Maximal random structure: (Days_within | UID) - allows individual slope differences
[INFO] Fallback strategy: (Days_within || UID) -> (1 | UID) if convergence fails
[WARNING] Maximal random structure failed: 'composite_ID'
[FALLBACK] Attempting uncorrelated random structure: (Days_within || UID)...
[WARNING] Uncorrelated random structure failed: 'composite_ID'
[FALLBACK] Attempting intercept-only random structure: (1 | UID)...
[ERROR] 'composite_ID'
[TRACEBACK] Full error details:
Traceback (most recent call last):
  File "/home/etai/projects/REMEMVR/.venv/lib/python3.12/site-packages/pandas/core/indexes/base.py", line 3812, in get_loc
    return self._engine.get_loc(casted_key)
           ^^^^^^^^^^^^^^^^^^^^^^^^^^^^^^^^
  File "pandas/_libs/index.pyx", line 167, in pandas._libs.index.IndexEngine.get_loc
  File "pandas/_libs/index.pyx", line 196, in pandas._libs.index.IndexEngine.get_loc
  File "pandas/_libs/hashtable_class_helper.pxi", line 7088, in pandas._libs.hashtable.PyObjectHashTable.get_item
  File "pandas/_libs/hashtable_class_helper.pxi", line 7096, in pandas._libs.hashtable.PyObjectHashTable.get_item
KeyError: 'composite_ID'

The above exception was the direct cause of the following exception:

Traceback (most recent call last):
  File "/home/etai/projects/REMEMVR/results/ch5/rq8/code/step03_fit_piecewise_model.py", line 214, in <module>
    piecewise_model = fit_lmm_trajectory_tsvr(
                      ^^^^^^^^^^^^^^^^^^^^^^^^
  File "/home/etai/projects/REMEMVR/tools/analysis_lmm.py", line 1074, in fit_lmm_trajectory_tsvr
    theta_scores[['UID', 'Test']] = theta_scores['composite_ID'].str.split('_', n=1, expand=True)
                                    ~~~~~~~~~~~~^^^^^^^^^^^^^^^^
  File "/home/etai/projects/REMEMVR/.venv/lib/python3.12/site-packages/pandas/core/frame.py", line 4113, in __getitem__
    indexer = self.columns.get_loc(key)
              ^^^^^^^^^^^^^^^^^^^^^^^^^
  File "/home/etai/projects/REMEMVR/.venv/lib/python3.12/site-packages/pandas/core/indexes/base.py", line 3819, in get_loc
    raise KeyError(key) from err
KeyError: 'composite_ID'

During handling of the above exception, another exception occurred:

Traceback (most recent call last):
  File "/home/etai/projects/REMEMVR/.venv/lib/python3.12/site-packages/pandas/core/indexes/base.py", line 3812, in get_loc
    return self._engine.get_loc(casted_key)
           ^^^^^^^^^^^^^^^^^^^^^^^^^^^^^^^^
  File "pandas/_libs/index.pyx", line 167, in pandas._libs.index.IndexEngine.get_loc
  File "pandas/_libs/index.pyx", line 196, in pandas._libs.index.IndexEngine.get_loc
  File "pandas/_libs/hashtable_class_helper.pxi", line 7088, in pandas._libs.hashtable.PyObjectHashTable.get_item
  File "pandas/_libs/hashtable_class_helper.pxi", line 7096, in pandas._libs.hashtable.PyObjectHashTable.get_item
KeyError: 'composite_ID'

The above exception was the direct cause of the following exception:

Traceback (most recent call last):
  File "/home/etai/projects/REMEMVR/results/ch5/rq8/code/step03_fit_piecewise_model.py", line 232, in <module>
    piecewise_model = fit_lmm_trajectory_tsvr(
                      ^^^^^^^^^^^^^^^^^^^^^^^^
  File "/home/etai/projects/REMEMVR/tools/analysis_lmm.py", line 1074, in fit_lmm_trajectory_tsvr
    theta_scores[['UID', 'Test']] = theta_scores['composite_ID'].str.split('_', n=1, expand=True)
                                    ~~~~~~~~~~~~^^^^^^^^^^^^^^^^
  File "/home/etai/projects/REMEMVR/.venv/lib/python3.12/site-packages/pandas/core/frame.py", line 4113, in __getitem__
    indexer = self.columns.get_loc(key)
              ^^^^^^^^^^^^^^^^^^^^^^^^^
  File "/home/etai/projects/REMEMVR/.venv/lib/python3.12/site-packages/pandas/core/indexes/base.py", line 3819, in get_loc
    raise KeyError(key) from err
KeyError: 'composite_ID'

During handling of the above exception, another exception occurred:

Traceback (most recent call last):
  File "/home/etai/projects/REMEMVR/.venv/lib/python3.12/site-packages/pandas/core/indexes/base.py", line 3812, in get_loc
    return self._engine.get_loc(casted_key)
           ^^^^^^^^^^^^^^^^^^^^^^^^^^^^^^^^
  File "pandas/_libs/index.pyx", line 167, in pandas._libs.index.IndexEngine.get_loc
  File "pandas/_libs/index.pyx", line 196, in pandas._libs.index.IndexEngine.get_loc
  File "pandas/_libs/hashtable_class_helper.pxi", line 7088, in pandas._libs.hashtable.PyObjectHashTable.get_item
  File "pandas/_libs/hashtable_class_helper.pxi", line 7096, in pandas._libs.hashtable.PyObjectHashTable.get_item
KeyError: 'composite_ID'

The above exception was the direct cause of the following exception:

Traceback (most recent call last):
  File "/home/etai/projects/REMEMVR/results/ch5/rq8/code/step03_fit_piecewise_model.py", line 248, in <module>
    piecewise_model = fit_lmm_trajectory_tsvr(
                      ^^^^^^^^^^^^^^^^^^^^^^^^
  File "/home/etai/projects/REMEMVR/tools/analysis_lmm.py", line 1074, in fit_lmm_trajectory_tsvr
    theta_scores[['UID', 'Test']] = theta_scores['composite_ID'].str.split('_', n=1, expand=True)
                                    ~~~~~~~~~~~~^^^^^^^^^^^^^^^^
  File "/home/etai/projects/REMEMVR/.venv/lib/python3.12/site-packages/pandas/core/frame.py", line 4113, in __getitem__
    indexer = self.columns.get_loc(key)
              ^^^^^^^^^^^^^^^^^^^^^^^^^
  File "/home/etai/projects/REMEMVR/.venv/lib/python3.12/site-packages/pandas/core/indexes/base.py", line 3819, in get_loc
    raise KeyError(key) from err
KeyError: 'composite_ID'
[START] Step 3: Fit Piecewise Model
[LOAD] Loading time-transformed data from Step 1...
[LOADED] step01_time_transformed.csv (400 rows, 9 cols)
[VALIDATED] All required columns present: ['UID', 'test', 'TSVR_hours', 'theta', 'Segment', 'Days_within']
[LOAD] Loading RQ 5.7 best continuous model AIC...
[LOADED] RQ 5.7 best continuous AIC = 873.71
[LOAD] Checking RQ 5.7 convergence status...
[INFO] RQ 5.7 status: RQ 5.7 Best Continuous Model Information
============================================================
Best model: Log
AIC: 873.710488

INTERPRETATION FOR RQ 5.8 STEP 3:
------------------------------------------------------------
RQ 5.7 completed successfully with Log as best model.
AIC comparison in Step 3 uses this value as reference.
[INFO] RQ 5.7 model converged with maximal random structure
[INFO] AIC comparison valid (comparable random structures)
[ANALYSIS] Fitting piecewise LMM: theta ~ Days_within * Segment + (Days_within | UID)...
[INFO] Maximal random structure: (Days_within | UID) - allows individual slope differences
[INFO] Fallback strategy: (Days_within || UID) -> (1 | UID) if convergence fails
[SUCCESS] Piecewise model converged with maximal random structure
[DONE] Piecewise LMM fitting complete
[INFO] Random structure used: (Days_within | UID)
[EXTRACT] Extracting fixed effects and AIC...
[INFO] Piecewise model AIC = 878.74
[INFO] deltaAIC = 5.03 (Piecewise - Continuous)
[INTERPRETATION] Continuous model FAVORED (deltaAIC > +2) - Evidence against two-phase forgetting
[INFO] Fixed effects extracted (Intercept, Days_within, Segment, interaction)
[ERROR] 'DataFrame' object has no attribute 'data'
[TRACEBACK] Full error details:
Traceback (most recent call last):
  File "/home/etai/projects/REMEMVR/results/ch5/rq8/code/step03_fit_piecewise_model.py", line 302, in <module>
    fe_df = pd.DataFrame(fixed_effects.data[1:], columns=fixed_effects.data[0])
                         ^^^^^^^^^^^^^^^^^^
  File "/home/etai/projects/REMEMVR/.venv/lib/python3.12/site-packages/pandas/core/generic.py", line 6321, in __getattr__
    return object.__getattribute__(self, name)
           ^^^^^^^^^^^^^^^^^^^^^^^^^^^^^^^^^^^
AttributeError: 'DataFrame' object has no attribute 'data'. Did you mean: '_data'?
[START] Step 3: Fit Piecewise Model
[LOAD] Loading time-transformed data from Step 1...
[LOADED] step01_time_transformed.csv (400 rows, 9 cols)
[VALIDATED] All required columns present: ['UID', 'test', 'TSVR_hours', 'theta', 'Segment', 'Days_within']
[LOAD] Loading RQ 5.7 best continuous model AIC...
[LOADED] RQ 5.7 best continuous AIC = 873.71
[LOAD] Checking RQ 5.7 convergence status...
[INFO] RQ 5.7 status: RQ 5.7 Best Continuous Model Information
============================================================
Best model: Log
AIC: 873.710488

INTERPRETATION FOR RQ 5.8 STEP 3:
------------------------------------------------------------
RQ 5.7 completed successfully with Log as best model.
AIC comparison in Step 3 uses this value as reference.
[INFO] RQ 5.7 model converged with maximal random structure
[INFO] AIC comparison valid (comparable random structures)
[ANALYSIS] Fitting piecewise LMM: theta ~ Days_within * Segment + (Days_within | UID)...
[INFO] Maximal random structure: (Days_within | UID) - allows individual slope differences
[INFO] Fallback strategy: (Days_within || UID) -> (1 | UID) if convergence fails
[SUCCESS] Piecewise model converged with maximal random structure
[DONE] Piecewise LMM fitting complete
[INFO] Random structure used: (Days_within | UID)
[EXTRACT] Extracting fixed effects and AIC...
[INFO] Piecewise model AIC = 878.74
[INFO] deltaAIC = 5.03 (Piecewise - Continuous)
[INTERPRETATION] Continuous model FAVORED (deltaAIC > +2) - Evidence against two-phase forgetting
[INFO] Fixed effects extracted (Intercept, Days_within, Segment, interaction)
[ERROR] 'DataFrame' object has no attribute 'data'
[TRACEBACK] Full error details:
Traceback (most recent call last):
  File "/home/etai/projects/REMEMVR/results/ch5/rq8/code/step03_fit_piecewise_model.py", line 301, in <module>
    fe_df = pd.DataFrame(fixed_effects_table.data[1:], columns=fixed_effects_table.data[0])
                         ^^^^^^^^^^^^^^^^^^^^^^^^
  File "/home/etai/projects/REMEMVR/.venv/lib/python3.12/site-packages/pandas/core/generic.py", line 6321, in __getattr__
    return object.__getattribute__(self, name)
           ^^^^^^^^^^^^^^^^^^^^^^^^^^^^^^^^^^^
AttributeError: 'DataFrame' object has no attribute 'data'. Did you mean: '_data'?
[START] Step 3: Fit Piecewise Model
[LOAD] Loading time-transformed data from Step 1...
[LOADED] step01_time_transformed.csv (400 rows, 9 cols)
[VALIDATED] All required columns present: ['UID', 'test', 'TSVR_hours', 'theta', 'Segment', 'Days_within']
[LOAD] Loading RQ 5.7 best continuous model AIC...
[LOADED] RQ 5.7 best continuous AIC = 873.71
[LOAD] Checking RQ 5.7 convergence status...
[INFO] RQ 5.7 status: RQ 5.7 Best Continuous Model Information
============================================================
Best model: Log
AIC: 873.710488

INTERPRETATION FOR RQ 5.8 STEP 3:
------------------------------------------------------------
RQ 5.7 completed successfully with Log as best model.
AIC comparison in Step 3 uses this value as reference.
[INFO] RQ 5.7 model converged with maximal random structure
[INFO] AIC comparison valid (comparable random structures)
[ANALYSIS] Fitting piecewise LMM: theta ~ Days_within * Segment + (Days_within | UID)...
[INFO] Maximal random structure: (Days_within | UID) - allows individual slope differences
[INFO] Fallback strategy: (Days_within || UID) -> (1 | UID) if convergence fails
[SUCCESS] Piecewise model converged with maximal random structure
[DONE] Piecewise LMM fitting complete
[INFO] Random structure used: (Days_within | UID)
[EXTRACT] Extracting fixed effects and AIC...
[INFO] Piecewise model AIC = 878.74
[INFO] deltaAIC = 5.03 (Piecewise - Continuous)
[INTERPRETATION] Continuous model FAVORED (deltaAIC > +2) - Evidence against two-phase forgetting
[INFO] Fixed effects extracted (Intercept, Days_within, Segment, interaction)
[INFO] Interaction p-value = 0.0000
[SIGNIFICANT] Interaction significant at Bonferroni alpha = 0.0033
[INTERPRETATION] Early and Late segments have DIFFERENT forgetting rates
[PREDICT] Generating model predictions for Early and Late segments...
[INFO] Computing fixed effects predictions (population-level trends)...
[INFO] Fixed effects: Intercept=0.6563, Days_within=-0.4321
[INFO]                Segment[Late]=-0.8597, Interaction=0.3624
[DONE] Generated 18 predictions (9 Early + 9 Late)
[SAVE] Saving piecewise model summary...
[SAVED] /home/etai/projects/REMEMVR/results/ch5/rq8/results/step03_piecewise_model_summary.txt
[SAVE] Saving piecewise predictions...
[SAVED] data/step03_piecewise_predictions.csv (18 rows)
[VALIDATION] Running validate_lmm_convergence...
[VALIDATION] converged: False
[VALIDATION] message: LMM did not converge
[VALIDATION] warning: Results may be unreliable
[VALIDATION] Checking fixed effects validity...
[VALIDATION] [PASS] All fixed effects finite
[VALIDATION] [PASS] Interaction p-value in valid range: 0.0000
[VALIDATION] [PASS] deltaAIC computed successfully: 5.03
[VALIDATION] [PASS] All 18 predictions generated (9 Early + 9 Late)
[SUCCESS] Step 3 complete
[START] Step 3: Fit Piecewise Model
[LOAD] Loading time-transformed data from Step 1...
[LOADED] step01_time_transformed.csv (400 rows, 9 cols)
[VALIDATED] All required columns present: ['UID', 'test', 'TSVR_hours', 'theta', 'Segment', 'Days_within']
[LOAD] Loading RQ 5.7 best continuous model AIC...
[LOADED] RQ 5.7 best continuous AIC = 873.71
[LOAD] Checking RQ 5.7 convergence status...
[INFO] RQ 5.7 status: RQ 5.7 Best Continuous Model Information
============================================================
Best model: Log
AIC: 873.710488

INTERPRETATION FOR RQ 5.8 STEP 3:
------------------------------------------------------------
RQ 5.7 completed successfully with Log as best model.
AIC comparison in Step 3 uses this value as reference.
[INFO] RQ 5.7 model converged with maximal random structure
[INFO] AIC comparison valid (comparable random structures)
[ANALYSIS] Fitting piecewise LMM: theta ~ Days_within * Segment + (Days_within | UID)...
[INFO] Maximal random structure: (Days_within | UID) - allows individual slope differences
[INFO] Fallback strategy: (Days_within || UID) -> (1 | UID) if convergence fails
[SUCCESS] Piecewise model converged with maximal random structure
[DONE] Piecewise LMM fitting complete
[INFO] Random structure used: (Days_within | UID)
[EXTRACT] Extracting fixed effects and AIC...
[INFO] Piecewise model AIC = 878.74
[INFO] deltaAIC = 5.03 (Piecewise - Continuous)
[INTERPRETATION] Continuous model FAVORED (deltaAIC > +2) - Evidence against two-phase forgetting
[INFO] Fixed effects extracted (Intercept, Days_within, Segment, interaction)
[INFO] Interaction p-value = 0.0000
[SIGNIFICANT] Interaction significant at Bonferroni alpha = 0.0033
[INTERPRETATION] Early and Late segments have DIFFERENT forgetting rates
[PREDICT] Generating model predictions for Early and Late segments...
[INFO] Computing fixed effects predictions (population-level trends)...
[INFO] Fixed effects: Intercept=0.6563, Days_within=-0.4321
[INFO]                Segment[Late]=-0.8597, Interaction=0.3624
[DONE] Generated 18 predictions (9 Early + 9 Late)
[SAVE] Saving piecewise model summary...
[SAVED] /home/etai/projects/REMEMVR/results/ch5/rq8/results/step03_piecewise_model_summary.txt
[SAVE] Saving piecewise predictions...
[SAVED] data/step03_piecewise_predictions.csv (18 rows)
[SAVE] Saving piecewise model pickle...
[SAVED] step03_piecewise_model.pkl
[VALIDATION] Running validate_lmm_convergence...
[VALIDATION] converged: False
[VALIDATION] message: LMM did not converge
[VALIDATION] warning: Results may be unreliable
[VALIDATION] Checking fixed effects validity...
[VALIDATION] [PASS] All fixed effects finite
[VALIDATION] [PASS] Interaction p-value in valid range: 0.0000
[VALIDATION] [PASS] deltaAIC computed successfully: 5.03
[VALIDATION] [PASS] All 18 predictions generated (9 Early + 9 Late)
[SUCCESS] Step 3 complete
[START] Step 3: Fit Piecewise Model
[LOAD] Loading time-transformed data from Step 1...
[LOADED] step01_time_transformed.csv (400 rows, 9 cols)
[VALIDATED] All required columns present: ['UID', 'test', 'TSVR_hours', 'theta', 'Segment', 'Days_within']
[LOAD] Loading RQ 5.7 best continuous model AIC...
[LOADED] RQ 5.7 best continuous AIC = 873.71
[LOAD] Checking RQ 5.7 convergence status...
[INFO] RQ 5.7 status: RQ 5.7 Best Continuous Model Information
============================================================
Best model: Log
AIC: 873.710488

INTERPRETATION FOR RQ 5.8 STEP 3:
------------------------------------------------------------
RQ 5.7 completed successfully with Log as best model.
AIC comparison in Step 3 uses this value as reference.
[INFO] RQ 5.7 model converged with maximal random structure
[INFO] AIC comparison valid (comparable random structures)
[ANALYSIS] Fitting piecewise LMM: theta ~ Days_within * Segment + (Days_within | UID)...
[INFO] Maximal random structure: (Days_within | UID) - allows individual slope differences
[INFO] Fallback strategy: (Days_within || UID) -> (1 | UID) if convergence fails
[SUCCESS] Piecewise model converged with maximal random structure
[DONE] Piecewise LMM fitting complete
[INFO] Random structure used: (Days_within | UID)
[EXTRACT] Extracting fixed effects and AIC...
[INFO] Piecewise model AIC = 878.74
[INFO] deltaAIC = 5.03 (Piecewise - Continuous)
[INTERPRETATION] Continuous model FAVORED (deltaAIC > +2) - Evidence against two-phase forgetting
[INFO] Fixed effects extracted (Intercept, Days_within, Segment, interaction)
[INFO] Interaction p-value = 0.0000
[SIGNIFICANT] Interaction significant at Bonferroni alpha = 0.0033
[INTERPRETATION] Early and Late segments have DIFFERENT forgetting rates
[PREDICT] Generating model predictions for Early and Late segments...
[INFO] Computing fixed effects predictions (population-level trends)...
[INFO] Fixed effects: Intercept=0.6563, Days_within=-0.4321
[INFO]                Segment[Late]=-0.8597, Interaction=0.3624
[DONE] Generated 18 predictions (9 Early + 9 Late)
[SAVE] Saving piecewise model summary...
[SAVED] /home/etai/projects/REMEMVR/results/ch5/rq8/results/step03_piecewise_model_summary.txt
[SAVE] Saving piecewise predictions...
[SAVED] data/step03_piecewise_predictions.csv (18 rows)
[SAVE] Saving piecewise model pickle...
[SAVED] step03_piecewise_model.pkl
[VALIDATION] Running validate_lmm_convergence...
[VALIDATION] converged: False
[VALIDATION] message: LMM did not converge
[VALIDATION] warning: Results may be unreliable
[VALIDATION] Checking fixed effects validity...
[VALIDATION] [PASS] All fixed effects finite
[VALIDATION] [PASS] Interaction p-value in valid range: 0.0000
[VALIDATION] [PASS] deltaAIC computed successfully: 5.03
[VALIDATION] [PASS] All 18 predictions generated (9 Early + 9 Late)
[SUCCESS] Step 3 complete
[START] Step 3: Fit Piecewise Model
[LOAD] Loading time-transformed data from Step 1...
[LOADED] step01_time_transformed.csv (400 rows, 9 cols)
[VALIDATED] All required columns present: ['UID', 'test', 'TSVR_hours', 'theta', 'Segment', 'Days_within']
[LOAD] Loading RQ 5.7 best continuous model AIC...
[LOADED] RQ 5.7 best continuous AIC = 873.71
[LOAD] Checking RQ 5.7 convergence status...
[INFO] RQ 5.7 status: RQ 5.7 Best Continuous Model Information
============================================================
Best model: Log
AIC: 873.710488

INTERPRETATION FOR RQ 5.8 STEP 3:
------------------------------------------------------------
RQ 5.7 completed successfully with Log as best model.
AIC comparison in Step 3 uses this value as reference.
[INFO] RQ 5.7 model converged with maximal random structure
[INFO] AIC comparison valid (comparable random structures)
[ANALYSIS] Fitting piecewise LMM: theta ~ Days_within * Segment + (Days_within | UID)...
[INFO] Maximal random structure: (Days_within | UID) - allows individual slope differences
[INFO] Fallback strategy: (Days_within || UID) -> (1 | UID) if convergence fails
[SUCCESS] Piecewise model converged with maximal random structure
[DONE] Piecewise LMM fitting complete
[INFO] Random structure used: (Days_within | UID)
[EXTRACT] Extracting fixed effects and AIC...
[INFO] Piecewise model AIC = 878.74
[INFO] deltaAIC = 5.03 (Piecewise - Continuous)
[INTERPRETATION] Continuous model FAVORED (deltaAIC > +2) - Evidence against two-phase forgetting
[INFO] Fixed effects extracted (Intercept, Days_within, Segment, interaction)
[INFO] Interaction p-value = 0.0000
[SIGNIFICANT] Interaction significant at Bonferroni alpha = 0.0033
[INTERPRETATION] Early and Late segments have DIFFERENT forgetting rates
[PREDICT] Generating model predictions for Early and Late segments...
[INFO] Computing fixed effects predictions (population-level trends)...
[INFO] Fixed effects: Intercept=0.6563, Days_within=-0.4321
[INFO]                Segment[Late]=-0.8597, Interaction=0.3624
[DONE] Generated 18 predictions (9 Early + 9 Late)
[SAVE] Saving piecewise model summary...
[SAVED] /home/etai/projects/REMEMVR/results/ch5/rq8/results/step03_piecewise_model_summary.txt
[SAVE] Saving piecewise predictions...
[SAVED] data/step03_piecewise_predictions.csv (18 rows)
[SAVE] Saving piecewise model pickle...
[SAVED] step03_piecewise_model.pkl
[VALIDATION] Running validate_lmm_convergence...
[VALIDATION] converged: False
[VALIDATION] message: LMM did not converge
[VALIDATION] warning: Results may be unreliable
[VALIDATION] Checking fixed effects validity...
[VALIDATION] [PASS] All fixed effects finite
[VALIDATION] [PASS] Interaction p-value in valid range: 0.0000
[VALIDATION] [PASS] deltaAIC computed successfully: 5.03
[VALIDATION] [PASS] All 18 predictions generated (9 Early + 9 Late)
[SUCCESS] Step 3 complete
