[START] Step 00: Load Dependencies from RQ 5.5.1
[CHECK] Verifying RQ 5.5.1 dependency files exist...
[PASS] All RQ 5.5.1 dependency files exist
[PASS] dfData.csv exists
[LOAD] Loading RQ 5.5.1 outputs...
[LOADED] step03_theta_scores.csv (400 rows, 5 cols)
[LOADED] step02_purified_items.csv (32 rows, 5 cols)
[LOADED] step00_tsvr_mapping.csv (400 rows, 4 cols)
[RESHAPE] Converting theta scores from wide to long format...
[ERROR] invalid literal for int() with base 10: 'A010'
[TRACEBACK] Full error details:
Traceback (most recent call last):
  File "/home/etai/projects/REMEMVR/results/ch5/5.5.4/code/step00_load_dependencies_from_rq551.py", line 218, in <module>
    theta_scores_wide['UID'] = theta_scores_wide['UID'].astype(int)
                               ^^^^^^^^^^^^^^^^^^^^^^^^^^^^^^^^^^^^
  File "/home/etai/projects/REMEMVR/.venv/lib/python3.12/site-packages/pandas/core/generic.py", line 6665, in astype
    new_data = self._mgr.astype(dtype=dtype, copy=copy, errors=errors)
               ^^^^^^^^^^^^^^^^^^^^^^^^^^^^^^^^^^^^^^^^^^^^^^^^^^^^^^^
  File "/home/etai/projects/REMEMVR/.venv/lib/python3.12/site-packages/pandas/core/internals/managers.py", line 449, in astype
    return self.apply(
           ^^^^^^^^^^^
  File "/home/etai/projects/REMEMVR/.venv/lib/python3.12/site-packages/pandas/core/internals/managers.py", line 363, in apply
    applied = getattr(b, f)(**kwargs)
              ^^^^^^^^^^^^^^^^^^^^^^^
  File "/home/etai/projects/REMEMVR/.venv/lib/python3.12/site-packages/pandas/core/internals/blocks.py", line 784, in astype
    new_values = astype_array_safe(values, dtype, copy=copy, errors=errors)
                 ^^^^^^^^^^^^^^^^^^^^^^^^^^^^^^^^^^^^^^^^^^^^^^^^^^^^^^^^^^
  File "/home/etai/projects/REMEMVR/.venv/lib/python3.12/site-packages/pandas/core/dtypes/astype.py", line 237, in astype_array_safe
    new_values = astype_array(values, dtype, copy=copy)
                 ^^^^^^^^^^^^^^^^^^^^^^^^^^^^^^^^^^^^^^
  File "/home/etai/projects/REMEMVR/.venv/lib/python3.12/site-packages/pandas/core/dtypes/astype.py", line 182, in astype_array
    values = _astype_nansafe(values, dtype, copy=copy)
             ^^^^^^^^^^^^^^^^^^^^^^^^^^^^^^^^^^^^^^^^^
  File "/home/etai/projects/REMEMVR/.venv/lib/python3.12/site-packages/pandas/core/dtypes/astype.py", line 133, in _astype_nansafe
    return arr.astype(dtype, copy=True)
           ^^^^^^^^^^^^^^^^^^^^^^^^^^^^
ValueError: invalid literal for int() with base 10: 'A010'
[START] Step 00: Load Dependencies from RQ 5.5.1
[CHECK] Verifying RQ 5.5.1 dependency files exist...
[PASS] All RQ 5.5.1 dependency files exist
[PASS] dfData.csv exists
[LOAD] Loading RQ 5.5.1 outputs...
[LOADED] step03_theta_scores.csv (400 rows, 5 cols)
[LOADED] step02_purified_items.csv (32 rows, 5 cols)
[LOADED] step00_tsvr_mapping.csv (400 rows, 4 cols)
[RESHAPE] Converting theta scores from wide to long format...
[RESHAPED] Wide (400 rows) -> Long (800 rows)
[MERGE] Adding TSVR_hours to theta long format...
[MERGED] Theta long now has 800 rows with TSVR_hours
[PREPARE] Creating purified items list...
[PREPARED] Purified items list: 32 items
[LOAD] Loading dfData.csv and filtering to purified items...
[LOADED] dfData.csv (400 rows, 214 cols)
[FOUND] 32 / 32 purified items in dfData.csv
[ERROR] 'test'
[TRACEBACK] Full error details:
Traceback (most recent call last):
  File "/home/etai/projects/REMEMVR/.venv/lib/python3.12/site-packages/pandas/core/indexes/base.py", line 3812, in get_loc
    return self._engine.get_loc(casted_key)
           ^^^^^^^^^^^^^^^^^^^^^^^^^^^^^^^^
  File "pandas/_libs/index.pyx", line 167, in pandas._libs.index.IndexEngine.get_loc
  File "pandas/_libs/index.pyx", line 196, in pandas._libs.index.IndexEngine.get_loc
  File "pandas/_libs/hashtable_class_helper.pxi", line 7088, in pandas._libs.hashtable.PyObjectHashTable.get_item
  File "pandas/_libs/hashtable_class_helper.pxi", line 7096, in pandas._libs.hashtable.PyObjectHashTable.get_item
KeyError: 'test'

The above exception was the direct cause of the following exception:

Traceback (most recent call last):
  File "/home/etai/projects/REMEMVR/results/ch5/5.5.4/code/step00_load_dependencies_from_rq551.py", line 296, in <module>
    df_data_raw['composite_ID'] = df_data_raw['UID'].astype(str) + '_' + df_data_raw['test'].astype(str)
                                                                         ~~~~~~~~~~~^^^^^^^^
  File "/home/etai/projects/REMEMVR/.venv/lib/python3.12/site-packages/pandas/core/frame.py", line 4113, in __getitem__
    indexer = self.columns.get_loc(key)
              ^^^^^^^^^^^^^^^^^^^^^^^^^
  File "/home/etai/projects/REMEMVR/.venv/lib/python3.12/site-packages/pandas/core/indexes/base.py", line 3819, in get_loc
    raise KeyError(key) from err
KeyError: 'test'
[START] Step 00: Load Dependencies from RQ 5.5.1
[CHECK] Verifying RQ 5.5.1 dependency files exist...
[PASS] All RQ 5.5.1 dependency files exist
[PASS] dfData.csv exists
[LOAD] Loading RQ 5.5.1 outputs...
[LOADED] step03_theta_scores.csv (400 rows, 5 cols)
[LOADED] step02_purified_items.csv (32 rows, 5 cols)
[LOADED] step00_tsvr_mapping.csv (400 rows, 4 cols)
[RESHAPE] Converting theta scores from wide to long format...
[RESHAPED] Wide (400 rows) -> Long (800 rows)
[MERGE] Adding TSVR_hours to theta long format...
[MERGED] Theta long now has 800 rows with TSVR_hours
[PREPARE] Creating purified items list...
[PREPARED] Purified items list: 32 items
[LOAD] Loading dfData.csv and filtering to purified items...
[LOADED] dfData.csv (400 rows, 214 cols)
[FOUND] 32 / 32 purified items in dfData.csv
[FILTERED] Raw responses: 400 rows, 35 cols
[VALIDATION] Running validation checks...
[PASS] theta_long has 800 rows
[PASS] raw_responses has 400 rows
[PASS] purified_items has 32 items (within 25-32 range)
[PASS] irt_theta in range [-1.87, 2.25]
[PASS] irt_se in range [0.50, 0.50]
[PASS] No NaN values in irt_theta, irt_se, TSVR_hours
[PASS] location_type in {'source', 'destination'}
[PASS] No duplicate composite_IDs in theta_long
[FAIL] Validation errors found:
  - TSVR_hours out of range [1.00, 246.24] (expected [0, 168])
[ERROR] Validation failed - see log for details
[TRACEBACK] Full error details:
Traceback (most recent call last):
  File "/home/etai/projects/REMEMVR/results/ch5/5.5.4/code/step00_load_dependencies_from_rq551.py", line 391, in <module>
    raise ValueError("Validation failed - see log for details")
ValueError: Validation failed - see log for details
[START] Step 00: Load Dependencies from RQ 5.5.1
[CHECK] Verifying RQ 5.5.1 dependency files exist...
[PASS] All RQ 5.5.1 dependency files exist
[PASS] dfData.csv exists
[LOAD] Loading RQ 5.5.1 outputs...
[LOADED] step03_theta_scores.csv (400 rows, 5 cols)
[LOADED] step02_purified_items.csv (32 rows, 5 cols)
[LOADED] step00_tsvr_mapping.csv (400 rows, 4 cols)
[RESHAPE] Converting theta scores from wide to long format...
[RESHAPED] Wide (400 rows) -> Long (800 rows)
[MERGE] Adding TSVR_hours to theta long format...
[MERGED] Theta long now has 800 rows with TSVR_hours
[PREPARE] Creating purified items list...
[PREPARED] Purified items list: 32 items
[LOAD] Loading dfData.csv and filtering to purified items...
[LOADED] dfData.csv (400 rows, 214 cols)
[FOUND] 32 / 32 purified items in dfData.csv
[FILTERED] Raw responses: 400 rows, 35 cols
[VALIDATION] Running validation checks...
[PASS] theta_long has 800 rows
[PASS] raw_responses has 400 rows
[PASS] purified_items has 32 items (within 25-32 range)
[PASS] irt_theta in range [-1.87, 2.25]
[PASS] irt_se in range [0.50, 0.50]
[PASS] TSVR_hours in range [1.00, 246.24]
[PASS] No NaN values in irt_theta, irt_se, TSVR_hours
[PASS] location_type in {'source', 'destination'}
[PASS] No duplicate composite_IDs in theta_long
[PASS] All validation checks passed
[SAVE] Saving outputs...
[SAVED] step00_irt_theta_from_rq551.csv (800 rows, 7 cols)
[SAVED] step00_purified_items_from_rq551.csv (32 rows, 2 cols)
[SAVED] step00_raw_responses_filtered.csv (400 rows, 35 cols)
[SUCCESS] Step 00 complete
