[START] Step 7.5: Assumption Validation (Simplified)
[LOAD] Loading input data...
[LOADED] step06_standardized_scores.csv (800 rows, 6 cols)
[LOADED] step00_tsvr_mapping.csv (400 rows, 4 cols)
[MERGE] Merging standardized scores with TSVR mapping...
[ERROR] You are trying to merge on object and int64 columns for key 'test'. If you wish to proceed you should use pd.concat
[TRACEBACK] Full error details:
Traceback (most recent call last):
  File "/home/etai/projects/REMEMVR/results/ch5/5.5.5/code/step07.5_assumption_validation.py", line 400, in <module>
    df_source = df_source.merge(df_tsvr, on=['UID', 'test'], how='left')
                ^^^^^^^^^^^^^^^^^^^^^^^^^^^^^^^^^^^^^^^^^^^^^^^^^^^^^^^^
  File "/home/etai/projects/REMEMVR/.venv/lib/python3.12/site-packages/pandas/core/frame.py", line 10859, in merge
    return merge(
           ^^^^^^
  File "/home/etai/projects/REMEMVR/.venv/lib/python3.12/site-packages/pandas/core/reshape/merge.py", line 170, in merge
    op = _MergeOperation(
         ^^^^^^^^^^^^^^^^
  File "/home/etai/projects/REMEMVR/.venv/lib/python3.12/site-packages/pandas/core/reshape/merge.py", line 807, in __init__
    self._maybe_coerce_merge_keys()
  File "/home/etai/projects/REMEMVR/.venv/lib/python3.12/site-packages/pandas/core/reshape/merge.py", line 1509, in _maybe_coerce_merge_keys
    raise ValueError(msg)
ValueError: You are trying to merge on object and int64 columns for key 'test'. If you wish to proceed you should use pd.concat
[START] Step 7.5: Assumption Validation (Simplified)
[LOAD] Loading input data...
[LOADED] step06_standardized_scores.csv (800 rows, 6 cols)
[LOADED] step00_tsvr_mapping.csv (400 rows, 4 cols)
[INFO] TSVR test format converted: ['T1', 'T2', 'T3', 'T4']
[MERGE] Merging standardized scores with TSVR mapping...
[MERGED] Source: 400 rows, Destination: 400 rows
[ANALYSIS] Running assumption tests for 6 models...
[VALIDATE] Testing assumptions for Source_IRT...
  - Linearity: PASS (Pearson r=-0.402 (negative = forgetting pattern))
  - Homoscedasticity: PASS (Variance ratio=1.215 (early vs late))
  - Normality: PASS (Skewness=-0.062, Kurtosis=2.044)
  - Random Effects Normality: PASS (Between-participant variance=0.4425)
  - Independence: PASS (Mean lag-1 autocorr=-0.090 (N=100 participants))
  - Multicollinearity: PASS (Not applicable (single predictor))
  - Influential Observations: PASS (Outlier rate=0.0% (0/400 obs with |z|>3))
[VALIDATE] Testing assumptions for Source_Full_CTT...
  - Linearity: PASS (Pearson r=-0.401 (negative = forgetting pattern))
  - Homoscedasticity: PASS (Variance ratio=1.335 (early vs late))
  - Normality: PASS (Skewness=-0.276, Kurtosis=2.168)
  - Random Effects Normality: PASS (Between-participant variance=0.4907)
  - Independence: PASS (Mean lag-1 autocorr=-0.014 (N=99 participants))
  - Multicollinearity: PASS (Not applicable (single predictor))
  - Influential Observations: PASS (Outlier rate=0.0% (0/400 obs with |z|>3))
[VALIDATE] Testing assumptions for Source_Purified_CTT...
  - Linearity: PASS (Pearson r=-0.405 (negative = forgetting pattern))
  - Homoscedasticity: PASS (Variance ratio=1.412 (early vs late))
  - Normality: PASS (Skewness=-0.305, Kurtosis=2.176)
  - Random Effects Normality: PASS (Between-participant variance=0.4768)
  - Independence: PASS (Mean lag-1 autocorr=-0.031 (N=100 participants))
  - Multicollinearity: PASS (Not applicable (single predictor))
  - Influential Observations: PASS (Outlier rate=0.0% (0/400 obs with |z|>3))
[VALIDATE] Testing assumptions for Destination_IRT...
  - Linearity: PASS (Pearson r=-0.285 (negative = forgetting pattern))
  - Homoscedasticity: PASS (Variance ratio=1.236 (early vs late))
  - Normality: PASS (Skewness=0.444, Kurtosis=2.346)
  - Random Effects Normality: PASS (Between-participant variance=0.3481)
  - Independence: PASS (Mean lag-1 autocorr=-0.180 (N=100 participants))
  - Multicollinearity: PASS (Not applicable (single predictor))
  - Influential Observations: PASS (Outlier rate=0.0% (0/400 obs with |z|>3))
[VALIDATE] Testing assumptions for Destination_Full_CTT...
  - Linearity: PASS (Pearson r=-0.265 (negative = forgetting pattern))
  - Homoscedasticity: PASS (Variance ratio=1.110 (early vs late))
  - Normality: PASS (Skewness=0.447, Kurtosis=2.759)
  - Random Effects Normality: PASS (Between-participant variance=0.4101)
  - Independence: PASS (Mean lag-1 autocorr=-0.272 (N=100 participants))
  - Multicollinearity: PASS (Not applicable (single predictor))
  - Influential Observations: PASS (Outlier rate=0.5% (2/400 obs with |z|>3))
[VALIDATE] Testing assumptions for Destination_Purified_CTT...
  - Linearity: PASS (Pearson r=-0.226 (negative = forgetting pattern))
  - Homoscedasticity: PASS (Variance ratio=1.104 (early vs late))
  - Normality: PASS (Skewness=0.366, Kurtosis=2.652)
  - Random Effects Normality: PASS (Between-participant variance=0.3900)
  - Independence: PASS (Mean lag-1 autocorr=-0.269 (N=100 participants))
  - Multicollinearity: PASS (Not applicable (single predictor))
  - Influential Observations: PASS (Outlier rate=0.0% (0/400 obs with |z|>3))
[DONE] Assumption tests complete (42 tests)
[SAVE] Saving assumption validation results...
[SAVED] step07.5_assumption_validation.csv (42 rows, 7 cols)
[VALIDATION] Running validate_dataframe_structure...
[VALIDATION] PASS - DataFrame structure valid: 42 rows, 7 columns (required: 7).
[SUMMARY] Assumption test results:
  - Total tests: 42
  - Passed: 42 (100.0%)
  - Failed: 0 (0.0%)
[SUMMARY] Failures by model:
[SUCCESS] Step 7.5 complete
